<?xml version="1.0" encoding="UTF-8"?>
<!-- Generated by org.testng.reporters.JUnitReportReporter -->
<testsuite hostname="DESKTOP-2CHEJR8" failures="0" tests="1" name="TestRunner.ProjectTestRunner" time="9.852" errors="0" timestamp="2024-06-13T14:50:32 IST" skipped="0">
  <testcase classname="TestRunner.ProjectTestRunner" name="runScenario" time="9.852"/>
  <system-out/>
</testsuite> <!-- TestRunner.ProjectTestRunner -->
