<?xml version="1.0" encoding="UTF-8"?>
<!-- Generated by org.testng.reporters.JUnitReportReporter -->
<testsuite hostname="DESKTOP-2CHEJR8" failures="0" tests="1" name="TestRunner.TestRunner" time="12.874" errors="0" timestamp="2024-07-01T13:34:25 IST" skipped="0">
  <testcase classname="TestRunner.TestRunner" name="runScenario" time="12.874"/>
  <system-out/>
</testsuite> <!-- TestRunner.TestRunner -->
