<?xml version="1.0" encoding="UTF-8"?>
<!-- Generated by org.testng.reporters.JUnitReportReporter -->
<testsuite hostname="DESKTOP-2CHEJR8" failures="0" tests="2" name="TestRunner.ProjectTestRunner2ForTags" time="0.080" errors="0" timestamp="2024-05-10T18:17:15 IST" skipped="0">
  <testcase classname="TestRunner.ProjectTestRunner2ForTags" name="runScenario" time="0.004"/>
  <system-out/>
  <testcase classname="TestRunner.ProjectTestRunner2ForTags" name="runScenario" time="0.076"/>
  <system-out/>
</testsuite> <!-- TestRunner.ProjectTestRunner2ForTags -->
